<?xml version="1.0" encoding="UTF-8"?>
<!-- Generated by org.testng.reporters.JUnitXMLReporter -->
<testsuite ignored="0" hostname="BPSSMBA072s-Air" failures="0" tests="2" name="Default test" time="5.346" errors="0" timestamp="27 Mar 2022 05:53:05 GMT">
  <testcase classname="com.qa.tests.LoginPageTest" name="@BeforeClass OpenWebsite" time="5.241">
    <failure type="org.openqa.selenium.SessionNotCreatedException" message="session not created: This version of ChromeDriver only supports Chrome version 100
Current browser version is 99.0.4844.51 with binary path /Applications/Google Chrome.app/Contents/MacOS/Google Chrome
Build info: version: &amp;apos;3.141.5&amp;apos;, revision: &amp;apos;d54ebd709a&amp;apos;, time: &amp;apos;2018-11-06T11:42:16&amp;apos;
System info: host: &amp;apos;BPSSMBA072s-Air&amp;apos;, ip: &amp;apos;2401:4900:33a6:8d3a:e0c6:5acb:46e1:67dd%en0&amp;apos;, os.name: &amp;apos;Mac OS X&amp;apos;, os.arch: &amp;apos;x86_64&amp;apos;, os.version: &amp;apos;10.16&amp;apos;, java.version: &amp;apos;15.0.2&amp;apos;
Driver info: driver.version: ChromeDriver
remote stacktrace: 0   chromedriver                        0x0000000100897269 chromedriver + 5096041
1   chromedriver                        0x0000000100827ba3 chromedriver + 4639651
2   chromedriver                        0x000000010041ab98 chromedriver + 392088
3   chromedriver                        0x0000000100440e3e chromedriver + 548414
4   chromedriver                        0x000000010043c8fa chromedriver + 530682
5   chromedriver                        0x0000000100438f66 chromedriver + 515942
6   chromedriver                        0x0000000100473430 chromedriver + 754736
7   chromedriver                        0x000000010046d633 chromedriver + 730675
8   chromedriver                        0x0000000100443159 chromedriver + 557401
9   chromedriver                        0x0000000100444185 chromedriver + 561541
10  chromedriver                        0x000000010085604d chromedriver + 4829261
11  chromedriver                        0x000000010086ea92 chromedriver + 4930194
12  chromedriver                        0x000000010087372e chromedriver + 4949806
13  chromedriver                        0x000000010086f5ca chromedriver + 4933066
14  chromedriver                        0x000000010084afc0 chromedriver + 4784064
15  chromedriver                        0x00000001008890e8 chromedriver + 5038312
16  chromedriver                        0x000000010088926f chromedriver + 5038703
17  chromedriver                        0x000000010089e535 chromedriver + 5125429
18  libsystem_pthread.dylib             0x00007fff20318950 _pthread_start + 224
19  libsystem_pthread.dylib             0x00007fff2031447b thread_start + 15
">
      <![CDATA[org.openqa.selenium.SessionNotCreatedException: session not created: This version of ChromeDriver only supports Chrome version 100
Current browser version is 99.0.4844.51 with binary path /Applications/Google Chrome.app/Contents/MacOS/Google Chrome
Build info: version: '3.141.5', revision: 'd54ebd709a', time: '2018-11-06T11:42:16'
System info: host: 'BPSSMBA072s-Air', ip: '2401:4900:33a6:8d3a:e0c6:5acb:46e1:67dd%en0', os.name: 'Mac OS X', os.arch: 'x86_64', os.version: '10.16', java.version: '15.0.2'
Driver info: driver.version: ChromeDriver
remote stacktrace: 0   chromedriver                        0x0000000100897269 chromedriver + 5096041
1   chromedriver                        0x0000000100827ba3 chromedriver + 4639651
2   chromedriver                        0x000000010041ab98 chromedriver + 392088
3   chromedriver                        0x0000000100440e3e chromedriver + 548414
4   chromedriver                        0x000000010043c8fa chromedriver + 530682
5   chromedriver                        0x0000000100438f66 chromedriver + 515942
6   chromedriver                        0x0000000100473430 chromedriver + 754736
7   chromedriver                        0x000000010046d633 chromedriver + 730675
8   chromedriver                        0x0000000100443159 chromedriver + 557401
9   chromedriver                        0x0000000100444185 chromedriver + 561541
10  chromedriver                        0x000000010085604d chromedriver + 4829261
11  chromedriver                        0x000000010086ea92 chromedriver + 4930194
12  chromedriver                        0x000000010087372e chromedriver + 4949806
13  chromedriver                        0x000000010086f5ca chromedriver + 4933066
14  chromedriver                        0x000000010084afc0 chromedriver + 4784064
15  chromedriver                        0x00000001008890e8 chromedriver + 5038312
16  chromedriver                        0x000000010088926f chromedriver + 5038703
17  chromedriver                        0x000000010089e535 chromedriver + 5125429
18  libsystem_pthread.dylib             0x00007fff20318950 _pthread_start + 224
19  libsystem_pthread.dylib             0x00007fff2031447b thread_start + 15

at java.base/jdk.internal.reflect.NativeConstructorAccessorImpl.newInstance0(Native Method)
at java.base/jdk.internal.reflect.NativeConstructorAccessorImpl.newInstance(NativeConstructorAccessorImpl.java:64)
at java.base/jdk.internal.reflect.DelegatingConstructorAccessorImpl.newInstance(DelegatingConstructorAccessorImpl.java:45)
at java.base/java.lang.reflect.Constructor.newInstanceWithCaller(Constructor.java:500)
at java.base/java.lang.reflect.Constructor.newInstance(Constructor.java:481)
at org.openqa.selenium.remote.W3CHandshakeResponse.lambda$errorHandler$0(W3CHandshakeResponse.java:62)
at org.openqa.selenium.remote.HandshakeResponse.lambda$getResponseFunction$0(HandshakeResponse.java:30)
at org.openqa.selenium.remote.ProtocolHandshake.lambda$createSession$0(ProtocolHandshake.java:123)
at java.base/java.util.stream.ReferencePipeline$3$1.accept(ReferencePipeline.java:195)
at java.base/java.util.Spliterators$ArraySpliterator.tryAdvance(Spliterators.java:958)
at java.base/java.util.stream.ReferencePipeline.forEachWithCancel(ReferencePipeline.java:127)
at java.base/java.util.stream.AbstractPipeline.copyIntoWithCancel(AbstractPipeline.java:502)
at java.base/java.util.stream.AbstractPipeline.copyInto(AbstractPipeline.java:488)
at java.base/java.util.stream.AbstractPipeline.wrapAndCopyInto(AbstractPipeline.java:474)
at java.base/java.util.stream.FindOps$FindOp.evaluateSequential(FindOps.java:150)
at java.base/java.util.stream.AbstractPipeline.evaluate(AbstractPipeline.java:234)
at java.base/java.util.stream.ReferencePipeline.findFirst(ReferencePipeline.java:543)
at org.openqa.selenium.remote.ProtocolHandshake.createSession(ProtocolHandshake.java:125)
at org.openqa.selenium.remote.ProtocolHandshake.createSession(ProtocolHandshake.java:74)
at org.openqa.selenium.remote.HttpCommandExecutor.execute(HttpCommandExecutor.java:136)
at org.openqa.selenium.remote.service.DriverCommandExecutor.execute(DriverCommandExecutor.java:83)
at org.openqa.selenium.remote.RemoteWebDriver.execute(RemoteWebDriver.java:552)
at org.openqa.selenium.remote.RemoteWebDriver.startSession(RemoteWebDriver.java:213)
at org.openqa.selenium.remote.RemoteWebDriver.<init>(RemoteWebDriver.java:131)
at org.openqa.selenium.chrome.ChromeDriver.<init>(ChromeDriver.java:181)
at org.openqa.selenium.chrome.ChromeDriver.<init>(ChromeDriver.java:168)
at org.openqa.selenium.chrome.ChromeDriver.<init>(ChromeDriver.java:123)
at com.qa.testbase.BaseClass.init(BaseClass.java:33)
at com.qa.tests.LoginPageTest.OpenWebsite(LoginPageTest.java:19)
at java.base/jdk.internal.reflect.NativeMethodAccessorImpl.invoke0(Native Method)
at java.base/jdk.internal.reflect.NativeMethodAccessorImpl.invoke(NativeMethodAccessorImpl.java:64)
at java.base/jdk.internal.reflect.DelegatingMethodAccessorImpl.invoke(DelegatingMethodAccessorImpl.java:43)
at java.base/java.lang.reflect.Method.invoke(Method.java:564)
at org.testng.internal.MethodInvocationHelper.invokeMethod(MethodInvocationHelper.java:124)
at org.testng.internal.MethodInvocationHelper.invokeMethodConsideringTimeout(MethodInvocationHelper.java:59)
at org.testng.internal.Invoker.invokeConfigurationMethod(Invoker.java:458)
at org.testng.internal.Invoker.invokeConfigurations(Invoker.java:222)
at org.testng.internal.Invoker.invokeConfigurations(Invoker.java:142)
at org.testng.internal.TestMethodWorker.invokeBeforeClassMethods(TestMethodWorker.java:168)
at org.testng.internal.TestMethodWorker.run(TestMethodWorker.java:105)
at org.testng.TestRunner.privateRun(TestRunner.java:648)
at org.testng.TestRunner.run(TestRunner.java:505)
at org.testng.SuiteRunner.runTest(SuiteRunner.java:455)
at org.testng.SuiteRunner.runSequentially(SuiteRunner.java:450)
at org.testng.SuiteRunner.privateRun(SuiteRunner.java:415)
at org.testng.SuiteRunner.run(SuiteRunner.java:364)
at org.testng.SuiteRunnerWorker.runSuite(SuiteRunnerWorker.java:52)
at org.testng.SuiteRunnerWorker.run(SuiteRunnerWorker.java:84)
at org.testng.TestNG.runSuitesSequentially(TestNG.java:1208)
at org.testng.TestNG.runSuitesLocally(TestNG.java:1137)
at org.testng.TestNG.runSuites(TestNG.java:1049)
at org.testng.TestNG.run(TestNG.java:1017)
at org.testng.remote.AbstractRemoteTestNG.run(AbstractRemoteTestNG.java:115)
at org.testng.remote.RemoteTestNG.initAndRun(RemoteTestNG.java:251)
at org.testng.remote.RemoteTestNG.main(RemoteTestNG.java:77)
]]>
    </failure>
  </testcase> <!-- @BeforeClass OpenWebsite -->
  <testcase classname="com.qa.tests.LoginPageTest" name="VerifyTitle" time="0.0">
    <skipped/>
  </testcase> <!-- VerifyTitle -->
  <testcase classname="com.qa.tests.LoginPageTest" name="LoginToCRM" time="0.0">
    <skipped/>
  </testcase> <!-- LoginToCRM -->
</testsuite> <!-- Default test -->
