<?xml version="1.0" encoding="UTF-8"?>
<testsuite xmlns:xsi="http://www.w3.org/2001/XMLSchema-instance" xsi:noNamespaceSchemaLocation="https://maven.apache.org/surefire/maven-surefire-plugin/xsd/surefire-test-report.xsd" name="TestSuite" time="4.566" tests="5" errors="0" skipped="2" failures="3">
  <properties>
[...]
</properties>
  <testcase name="OpenWebsite" classname="com.qa.tests.LoginPageTest" time="4.349">
    <failure message="Cannot invoke &quot;java.util.Properties.getProperty(String)&quot; because &quot;com.qa.tests.LoginPageTest.prop&quot; is null" type="java.lang.NullPointerException">java.lang.NullPointerException: Cannot invoke "java.util.Properties.getProperty(String)" because "com.qa.tests.LoginPageTest.prop" is null
	at com.qa.tests.LoginPageTest.OpenWebsite(LoginPageTest.java:23)
</failure>
    <system-out><![CDATA[[TestNGContentHandler] [WARN] It is strongly recommended to add "<!DOCTYPE suite SYSTEM "http://testng.org/testng-1.0.dtd" >" at the top of your file, otherwise TestNG may fail or not work as expected.
/Users/bdillibai/Documents/EclipseWorkspace/pomframework/src/test/
]]></system-out>
    <system-err><![CDATA[Starting ChromeDriver 99.0.4844.51 (d537ec02474b5afe23684e7963d538896c63ac77-refs/branch-heads/4844@{#875}) on port 38547
Only local connections are allowed.
Please see https://chromedriver.chromium.org/security-considerations for suggestions on keeping ChromeDriver safe.
ChromeDriver was started successfully.
Mar 27, 2022 3:11:07 PM org.openqa.selenium.remote.ProtocolHandshake createSession
INFO: Detected dialect: W3C
]]></system-err>
  </testcase>
  <testcase name="VerifyTitle" classname="com.qa.tests.LoginPageTest" time="0">
    <skipped message="Cannot invoke &quot;java.util.Properties.getProperty(String)&quot; because &quot;com.qa.tests.LoginPageTest.prop&quot; is null"/>
  </testcase>
  <testcase name="LoginToCRM" classname="com.qa.tests.LoginPageTest" time="0">
    <skipped message="Cannot invoke &quot;java.util.Properties.getProperty(String)&quot; because &quot;com.qa.tests.LoginPageTest.prop&quot; is null"/>
  </testcase>
  <testcase name="VerifyHome" classname="com.qa.tests.VerifyHomePage" time="0.001">
    <failure message="Cannot invoke &quot;org.openqa.selenium.WebDriver.getTitle()&quot; because &quot;this.driver&quot; is null" type="java.lang.NullPointerException">java.lang.NullPointerException: Cannot invoke "org.openqa.selenium.WebDriver.getTitle()" because "this.driver" is null
	at com.qa.tests.VerifyHomePage.VerifyHome(VerifyHomePage.java:15)
</failure>
  </testcase>
  <testcase name="ContactsPage" classname="com.qa.tests.VerifyHomePage" time="0">
    <failure message="Cannot invoke &quot;org.openqa.selenium.WebDriver.switchTo()&quot; because &quot;this.driver&quot; is null" type="java.lang.NullPointerException">java.lang.NullPointerException: Cannot invoke "org.openqa.selenium.WebDriver.switchTo()" because "this.driver" is null
	at com.qa.tests.VerifyHomePage.ContactsPage(VerifyHomePage.java:23)
</failure>
  </testcase>
</testsuite>