<?xml version="1.0" encoding="UTF-8"?>
<!-- Generated by org.testng.reporters.JUnitXMLReporter -->
<testsuite ignored="0" hostname="BPSSMBA072s-Air" failures="2" tests="4" name="TestScripts" time="3.294" errors="0" timestamp="27 Mar 2022 09:41:07 GMT">
  <testcase classname="com.qa.tests.LoginPageTest" name="@BeforeClass OpenWebsite" time="3.256">
    <failure type="java.lang.NullPointerException" message="Cannot invoke &amp;quot;java.util.Properties.getProperty(String)&amp;quot; because &amp;quot;com.qa.tests.LoginPageTest.prop&amp;quot; is null">
      <![CDATA[java.lang.NullPointerException: Cannot invoke "java.util.Properties.getProperty(String)" because "com.qa.tests.LoginPageTest.prop" is null
at com.qa.tests.LoginPageTest.OpenWebsite(LoginPageTest.java:23)
... Removed 30 stack frames]]>
    </failure>
  </testcase> <!-- @BeforeClass OpenWebsite -->
  <testcase classname="com.qa.tests.LoginPageTest" name="VerifyTitle" time="0.0">
    <skipped/>
  </testcase> <!-- VerifyTitle -->
  <testcase classname="com.qa.tests.LoginPageTest" name="LoginToCRM" time="0.0">
    <skipped/>
  </testcase> <!-- LoginToCRM -->
  <testcase classname="com.qa.tests.VerifyHomePage" name="VerifyHome" time="0.001">
    <failure type="java.lang.NullPointerException" message="Cannot invoke &amp;quot;org.openqa.selenium.WebDriver.getTitle()&amp;quot; because &amp;quot;this.driver&amp;quot; is null">
      <![CDATA[java.lang.NullPointerException: Cannot invoke "org.openqa.selenium.WebDriver.getTitle()" because "this.driver" is null
at com.qa.tests.VerifyHomePage.VerifyHome(VerifyHomePage.java:15)
... Removed 29 stack frames]]>
    </failure>
  </testcase> <!-- VerifyHome -->
  <testcase classname="com.qa.tests.VerifyHomePage" name="ContactsPage" time="0.0">
    <failure type="java.lang.NullPointerException" message="Cannot invoke &amp;quot;org.openqa.selenium.WebDriver.switchTo()&amp;quot; because &amp;quot;this.driver&amp;quot; is null">
      <![CDATA[java.lang.NullPointerException: Cannot invoke "org.openqa.selenium.WebDriver.switchTo()" because "this.driver" is null
at com.qa.tests.VerifyHomePage.ContactsPage(VerifyHomePage.java:23)
... Removed 29 stack frames]]>
    </failure>
  </testcase> <!-- ContactsPage -->
</testsuite> <!-- TestScripts -->
